2026-01-01T15:26:10  feat: add utility helper
2026-01-01T16:09:02  fix: minor bug fixes
2026-01-01T18:44:09  fix: resolve type issues
2026-01-01T19:07:22  chore: cleanup unused code
2026-01-01T21:01:34  fix: edge case handling
2026-01-02T15:30:23  perf: optimise logic
2026-01-02T16:38:44  docs: update comments
2026-01-02T19:18:09  refactor: improve readability
2026-01-02T21:33:21  chore: update config
2026-01-03T09:16:21  style: formatting improvements
2026-01-03T12:36:50  chore: cleanup unused code
2026-01-03T16:59:09  fix: resolve type issues
2026-01-03T18:19:08  fix: resolve type issues
2026-01-03T19:15:09  docs: improve inline docs
2026-01-04T10:04:39  refactor: code cleanup
2026-01-04T11:29:01  fix: minor bug fixes
2026-01-04T15:15:34  style: formatting improvements
2026-01-04T17:34:07  fix: minor bug fixes
2026-01-05T09:05:03  refactor: simplify flow
2026-01-05T11:00:05  docs: update comments
2026-01-05T19:45:24  fix: edge case handling
2026-01-05T20:54:59  chore: housekeeping
2026-01-06T13:13:10  chore: update config
2026-01-06T14:02:29  refactor: improve readability
2026-01-06T15:14:41  feat: add utility helper
2026-01-07T14:08:22  chore: update config
2026-01-07T15:35:07  chore: housekeeping
2026-01-07T21:41:10  style: formatting improvements
2026-01-08T10:36:59  chore: housekeeping
2026-01-08T13:34:13  style: formatting improvements
2026-01-08T17:41:52  docs: update comments
2026-01-08T19:10:33  chore: update config
2026-01-08T20:21:44  docs: update comments
2026-01-09T09:21:00  chore: cleanup unused code
2026-01-09T10:48:37  refactor: improve readability
2026-01-09T12:10:06  fix: edge case handling
2026-01-09T17:06:50  fix: resolve type issues
2026-01-09T21:48:19  perf: optimise logic
2026-01-10T09:55:56  chore: housekeeping
2026-01-11T09:23:57  chore: update dependencies
2026-01-11T10:30:17  docs: improve inline docs
2026-01-11T12:30:09  style: formatting improvements
2026-01-11T14:48:11  refactor: improve readability
2026-01-11T19:31:27  fix: edge case handling
2026-01-12T11:38:57  chore: housekeeping
2026-01-12T13:25:56  fix: minor bug fixes
2026-01-12T14:12:12  refactor: simplify flow
2026-01-12T18:30:07  docs: improve inline docs
2026-01-12T20:55:07  chore: update dependencies
2026-01-13T09:39:33  fix: minor bug fixes
2026-01-13T13:37:13  feat: add utility helper
2026-01-13T15:57:33  fix: minor bug fixes
2026-01-13T17:34:28  chore: update config
2026-01-14T17:33:57  chore: update dependencies
2026-01-14T20:18:14  fix: minor bug fixes
2026-01-15T09:52:25  fix: resolve type issues
2026-01-15T10:07:46  refactor: code cleanup
2026-01-15T15:06:23  fix: edge case handling
2026-01-15T19:08:57  fix: minor bug fixes
2026-01-15T20:09:46  refactor: simplify flow
2026-01-16T09:44:09  fix: resolve type issues
2026-01-16T11:01:31  perf: optimise logic
2026-01-16T12:35:29  style: formatting improvements
2026-01-16T20:06:38  style: formatting improvements
2026-01-16T21:05:49  docs: update comments
2026-01-17T14:02:38  feat: add utility helper
2026-01-17T18:41:29  docs: improve inline docs
2026-01-18T09:16:07  chore: cleanup unused code
2026-01-18T19:28:04  perf: optimise logic
2026-01-18T20:09:03  refactor: code cleanup
2026-01-19T10:11:33  chore: update dependencies
2026-01-19T13:36:56  chore: cleanup unused code
2026-01-19T16:31:08  fix: resolve type issues
2026-01-19T18:12:39  style: formatting improvements
2026-01-19T20:44:01  fix: minor bug fixes
2026-01-20T14:11:29  refactor: code cleanup
2026-01-20T16:13:43  docs: improve inline docs
2026-01-21T10:16:34  refactor: simplify flow
2026-01-21T13:44:11  fix: resolve type issues
